{
  "stats": {
    "suites": 1,
    "tests": 1,
    "passes": 1,
    "pending": 0,
    "failures": 0,
    "start": "2021-11-14T14:16:36.528Z",
    "end": "2021-11-14T14:16:50.807Z",
    "duration": 14279,
    "testsRegistered": 1,
    "passPercent": 100,
    "pendingPercent": 0,
    "other": 0,
    "hasOther": false,
    "skipped": 0,
    "hasSkipped": false
  },
  "results": [
    {
      "uuid": "a958f258-1460-4197-9a11-ff8a6126794a",
      "title": "",
      "fullFile": "cypress/integration/2-advanced-examples/generatereports/test3.js",
      "file": "cypress/integration/2-advanced-examples/generatereports/test3.js",
      "beforeHooks": [],
      "afterHooks": [],
      "tests": [],
      "suites": [
        {
          "uuid": "bbbb6da2-f39b-4057-8ccb-833e079c005b",
          "title": "Handlingcheckboxes",
          "fullFile": "",
          "file": "",
          "beforeHooks": [],
          "afterHooks": [],
          "tests": [
            {
              "title": "My third test case",
              "fullTitle": "Handlingcheckboxes My third test case",
              "timedOut": null,
              "duration": 10404,
              "state": "passed",
              "speed": "slow",
              "pass": true,
              "fail": false,
              "pending": false,
              "context": null,
              "code": "cy.visit(\"https://rahulshettyacademy.com/AutomationPractice/\");\ncy.get('input[name=\"checkBoxOption1\"]').check().should('be.checked').and('have.value', 'option1');\ncy.get('input[name=\"checkBoxOption1\"]').uncheck().should('not.be.checked');\ncy.get('input[type=\"checkbox\"]').check(['option2', 'option3']);\ncy.get('input[type=\"checkbox\"]').uncheck(['option2', 'option3']); //static dropdown\ncy.get('select[name=\"dropdown-class-example\"]').select('Option1').should('have.value', 'option1');\ncy.get('#autocomplete').type('ac');\ncy.get('.ui-menu-item div').each(($el, index, $list) => {\n  if ($el.text() === 'Macau') {\n    cy.wrap($el).click();\n  }\n  cy.get('#autocomplete').should('have.value', \"Macau\");\n});",
              "err": {},
              "uuid": "2de083ba-9bd1-49fd-a586-912148eac20f",
              "parentUUID": "bbbb6da2-f39b-4057-8ccb-833e079c005b",
              "isHook": false,
              "skipped": false
            }
          ],
          "suites": [],
          "passes": [
            "2de083ba-9bd1-49fd-a586-912148eac20f"
          ],
          "failures": [],
          "pending": [],
          "skipped": [],
          "duration": 10404,
          "root": false,
          "rootEmpty": false,
          "_timeout": 2000
        }
      ],
      "passes": [],
      "failures": [],
      "pending": [],
      "skipped": [],
      "duration": 0,
      "root": true,
      "rootEmpty": true,
      "_timeout": 2000
    }
  ],
  "meta": {
    "mocha": {
      "version": "7.0.1"
    },
    "mochawesome": {
      "options": {
        "quiet": false,
        "reportFilename": "report",
        "saveHtml": true,
        "saveJson": true,
        "consoleReporter": "spec",
        "useInlineDiffs": false,
        "code": true
      },
      "version": "7.0.1"
    },
    "marge": {
      "options": {
        "reportDir": "cypress/reports",
        "reportFilename": "report",
        "overwrite": false,
        "html": true,
        "json": true,
        "charts": true
      },
      "version": "6.0.1"
    }
  }
}